2012-10-28T18:28:35 Checking update-file '/usr/share/kde4/apps/kconf_update/kded.upd' for new updates
2012-10-28T18:28:35 kded.upd: Found new update 'kde3.0'
2012-10-28T18:28:35 kded.upd: File 'kdedrc' does not exist or empty, skipping
2012-10-28T18:28:35 Checking update-file '/usr/share/kde4/apps/kconf_update/kioslave.upd' for new updates
2012-10-28T18:28:35 kioslave.upd: Found new update 'kde2.2/r1'
2012-10-28T18:28:35 kioslave.upd: File 'kioslaverc' does not exist or empty, skipping
2012-10-28T18:28:35 kioslave.upd: Skipping update 'kde2.2/r1'
2012-10-28T18:28:35 kioslave.upd: File 'kioslaverc' does not exist or empty, skipping
2012-10-28T18:28:35 kioslave.upd: Found new update 'kde2.2/r2'
2012-10-28T18:28:35 kioslave.upd: File 'kioslaverc' does not exist or empty, skipping
2012-10-28T18:28:35 kioslave.upd: Found new update 'kde2.2/r3'
2012-10-28T18:28:35 kioslave.upd: File 'kioslaverc' does not exist or empty, skipping
2012-10-28T18:28:35 Checking update-file '/usr/share/kde4/apps/kconf_update/kate-2.4.upd' for new updates
2012-10-28T18:28:35 kate-2.4.upd: Found new update 'kate2.4'
2012-10-28T18:28:35 kate-2.4.upd: Updating katerc:Filelist:Sort Type to ''
2012-10-28T18:28:35 kate-2.4.upd: Removing katerc:General:Sort Type of File List, moved.
2012-10-28T18:28:35 Checking update-file '/usr/share/kde4/apps/kconf_update/kio_help.upd' for new updates
2012-10-28T18:28:35 kio_help.upd: Found new update 'kde3_2'
2012-10-28T18:28:35 kio_help.upd: Running script 'move_kio_help_cache.sh'
2012-10-28T18:28:35 [Script] mv: cannot stat `/home/elly/.kde/share/apps/kio_help/cache': No such file or directory
2012-10-28T18:28:35 [Script] rmdir: failed to remove `/home/elly/.kde/share/apps/kio_help': No such file or directory
2012-10-28T18:28:35 Checking update-file '/usr/share/kde4/apps/kconf_update/kcookiescfg.upd' for new updates
2012-10-28T18:28:35 kcookiescfg.upd: Found new update 'kde2.2/b1'
2012-10-28T18:28:35 kcookiescfg.upd: File 'kcookiejarrc' does not exist or empty, skipping
2012-10-28T18:28:35 kcookiescfg.upd: Found new update 'kde3.1/cvs'
2012-10-28T18:28:35 kcookiescfg.upd: File 'kcookiejarrc' does not exist or empty, skipping
2012-10-28T18:28:35 Checking update-file '/usr/share/kde4/apps/kconf_update/devicepreference.upd' for new updates
2012-10-28T18:28:35 devicepreference.upd: Found new update 'DevicesMovedToPlatformPlugin'
2012-10-28T18:28:35 devicepreference.upd: Running script 'phonon_devicepreference_update'
2012-10-28T18:28:35 devicepreference.upd: Found new update 'DevicesUIDsChanged'
2012-10-28T18:28:35 devicepreference.upd: Running script 'phonon_deviceuids_update'
2012-10-28T18:28:35 Checking update-file '/usr/share/kde4/apps/kconf_update/kuriikwsfilter.upd' for new updates
2012-10-28T18:28:35 kuriikwsfilter.upd: Found new update 'post-kde3.1/cvs'
2012-10-28T18:28:35 kuriikwsfilter.upd: File 'kuriikwsfilterrc' does not exist or empty, skipping
2012-10-28T18:28:35 Checking update-file '/usr/share/kde4/apps/kconf_update/nepomukstrigiservice-migrate.upd' for new updates
2012-10-28T18:28:35 nepomukstrigiservice-migrate.upd: Found new update 'nepomukstrigiservice-migrate'
2012-10-28T18:28:35 nepomukstrigiservice-migrate.upd: File 'nepomukserverrc' does not exist or empty, skipping
2012-10-28T18:28:35 Checking update-file '/usr/share/kde4/apps/kconf_update/ksslcertificatemanager.upd' for new updates
2012-10-28T18:28:35 ksslcertificatemanager.upd: Found new update 'kde4.2'
2012-10-28T18:28:35 ksslcertificatemanager.upd: Running script 'ksslcertificatemanager.upd.sh'
2012-10-28T18:28:35 [Script] rm: cannot remove `/home/elly/.kde//share/config/ksslcertificatemanager': No such file or directory
2012-10-28T18:28:35 ksslcertificatemanager.upd: !! An error occurred while running 'sh /usr/share/kde4/apps/kconf_update/ksslcertificatemanager.upd.sh'
2012-10-28T18:28:35 Checking update-file '/usr/share/kde4/apps/kconf_update/favicons.upd' for new updates
2012-10-28T18:28:35 favicons.upd: Found new update 'kde3_2'
2012-10-28T18:28:35 favicons.upd: Running script 'move_favicons.sh'
